c:\users\lhjzz\onedrive\바탕 화면\death's door\engine\bin\vc140.pdb
c:\users\lhjzz\onedrive\바탕 화면\death's door\engine\bin\vc140.idb
c:\users\lhjzz\onedrive\바탕 화면\death's door\engine\bin\sound.obj
c:\users\lhjzz\onedrive\바탕 화면\death's door\engine\bin\sound_manager.obj
c:\users\lhjzz\onedrive\바탕 화면\death's door\engine\bin\model.obj
c:\users\lhjzz\onedrive\바탕 화면\death's door\engine\bin\navigation.obj
c:\users\lhjzz\onedrive\바탕 화면\death's door\engine\bin\object_manager.obj
c:\users\lhjzz\onedrive\바탕 화면\death's door\engine\bin\pipeline.obj
c:\users\lhjzz\onedrive\바탕 화면\death's door\engine\bin\renderer.obj
c:\users\lhjzz\onedrive\바탕 화면\death's door\engine\bin\rendertarget.obj
c:\users\lhjzz\onedrive\바탕 화면\death's door\engine\bin\shader.obj
c:\users\lhjzz\onedrive\바탕 화면\death's door\engine\bin\state.obj
c:\users\lhjzz\onedrive\바탕 화면\death's door\engine\bin\target_manager.obj
c:\users\lhjzz\onedrive\바탕 화면\death's door\engine\bin\texture.obj
c:\users\lhjzz\onedrive\바탕 화면\death's door\engine\bin\timer.obj
c:\users\lhjzz\onedrive\바탕 화면\death's door\engine\bin\timer_manager.obj
c:\users\lhjzz\onedrive\바탕 화면\death's door\engine\bin\transform.obj
c:\users\lhjzz\onedrive\바탕 화면\death's door\engine\bin\ui.obj
c:\users\lhjzz\onedrive\바탕 화면\death's door\engine\bin\vibuffer.obj
c:\users\lhjzz\onedrive\바탕 화면\death's door\engine\bin\vibuffer_cell.obj
c:\users\lhjzz\onedrive\바탕 화면\death's door\engine\bin\vibuffer_rect.obj
c:\users\lhjzz\onedrive\바탕 화면\death's door\engine\bin\vibuffer_square.obj
c:\users\lhjzz\onedrive\바탕 화면\death's door\engine\bin\vibuffer_terrain.obj
c:\users\lhjzz\onedrive\바탕 화면\death's door\engine\bin\engine_struct.obj
c:\users\lhjzz\onedrive\바탕 화면\death's door\engine\bin\collider.obj
c:\users\lhjzz\onedrive\바탕 화면\death's door\engine\bin\component.obj
c:\users\lhjzz\onedrive\바탕 화면\death's door\engine\bin\component_manager.obj
c:\users\lhjzz\onedrive\바탕 화면\death's door\engine\bin\customfont.obj
c:\users\lhjzz\onedrive\바탕 화면\death's door\engine\bin\debugdraw.obj
c:\users\lhjzz\onedrive\바탕 화면\death's door\engine\bin\font_manager.obj
c:\users\lhjzz\onedrive\바탕 화면\death's door\engine\bin\gameinstance.obj
c:\users\lhjzz\onedrive\바탕 화면\death's door\engine\bin\gameobject.obj
c:\users\lhjzz\onedrive\바탕 화면\death's door\engine\bin\graphic_device.obj
c:\users\lhjzz\onedrive\바탕 화면\death's door\engine\bin\imguiobject.obj
c:\users\lhjzz\onedrive\바탕 화면\death's door\engine\bin\imgui_console.obj
c:\users\lhjzz\onedrive\바탕 화면\death's door\engine\bin\imgui_manager.obj
c:\users\lhjzz\onedrive\바탕 화면\death's door\engine\bin\input_device.obj
c:\users\lhjzz\onedrive\바탕 화면\death's door\engine\bin\installation.obj
c:\users\lhjzz\onedrive\바탕 화면\death's door\engine\bin\layer.obj
c:\users\lhjzz\onedrive\바탕 화면\death's door\engine\bin\level.obj
c:\users\lhjzz\onedrive\바탕 화면\death's door\engine\bin\level_manager.obj
c:\users\lhjzz\onedrive\바탕 화면\death's door\engine\bin\light.obj
c:\users\lhjzz\onedrive\바탕 화면\death's door\engine\bin\light_manager.obj
c:\users\lhjzz\onedrive\바탕 화면\death's door\engine\bin\mesh.obj
c:\users\lhjzz\onedrive\바탕 화면\death's door\engine\bin\animation.obj
c:\users\lhjzz\onedrive\바탕 화면\death's door\engine\bin\base.obj
c:\users\lhjzz\onedrive\바탕 화면\death's door\engine\bin\bone.obj
c:\users\lhjzz\onedrive\바탕 화면\death's door\engine\bin\calculator.obj
c:\users\lhjzz\onedrive\바탕 화면\death's door\engine\bin\camera.obj
c:\users\lhjzz\onedrive\바탕 화면\death's door\engine\bin\cell.obj
c:\users\lhjzz\onedrive\바탕 화면\death's door\engine\bin\channel.obj
c:\users\lhjzz\onedrive\바탕 화면\death's door\engine\bin\grapheditor.obj
c:\users\lhjzz\onedrive\바탕 화면\death's door\engine\bin\imcurveedit.obj
c:\users\lhjzz\onedrive\바탕 화면\death's door\engine\bin\imgradient.obj
c:\users\lhjzz\onedrive\바탕 화면\death's door\engine\bin\imgui.obj
c:\users\lhjzz\onedrive\바탕 화면\death's door\engine\bin\imguifiledialog.obj
c:\users\lhjzz\onedrive\바탕 화면\death's door\engine\bin\imguizmo.obj
c:\users\lhjzz\onedrive\바탕 화면\death's door\engine\bin\imgui_demo.obj
c:\users\lhjzz\onedrive\바탕 화면\death's door\engine\bin\imgui_draw.obj
c:\users\lhjzz\onedrive\바탕 화면\death's door\engine\bin\imgui_impl_dx11.obj
c:\users\lhjzz\onedrive\바탕 화면\death's door\engine\bin\imgui_impl_win32.obj
c:\users\lhjzz\onedrive\바탕 화면\death's door\engine\bin\imgui_tables.obj
c:\users\lhjzz\onedrive\바탕 화면\death's door\engine\bin\imgui_widgets.obj
c:\users\lhjzz\onedrive\바탕 화면\death's door\engine\bin\imsequencer.obj
c:\users\lhjzz\onedrive\바탕 화면\death's door\engine\bin\shader_deferred.cso
c:\users\lhjzz\onedrive\바탕 화면\death's door\engine\bin\shader_navigation.cso
c:\users\lhjzz\onedrive\바탕 화면\death's door\engine\bin\engine.lib
c:\users\lhjzz\onedrive\바탕 화면\death's door\engine\bin\engine.exp
c:\users\lhjzz\onedrive\바탕 화면\death's door\engine\bin\engine.ilk
c:\users\lhjzz\onedrive\바탕 화면\death's door\engine\bin\engine.dll
c:\users\lhjzz\onedrive\바탕 화면\death's door\engine\bin\engine.pdb
c:\users\lhjzz\onedrive\바탕 화면\death's door\engine\bin\..\bin\engine.pdb
c:\users\lhjzz\onedrive\바탕 화면\death's door\engine\default\..\bin\engine.dll
c:\users\lhjzz\onedrive\바탕 화면\death's door\engine\bin\..\bin\engine.ilk
c:\users\lhjzz\onedrive\바탕 화면\death's door\engine\bin\engine.tlog\cl.command.1.tlog
c:\users\lhjzz\onedrive\바탕 화면\death's door\engine\bin\engine.tlog\cl.read.1.tlog
c:\users\lhjzz\onedrive\바탕 화면\death's door\engine\bin\engine.tlog\cl.write.1.tlog
c:\users\lhjzz\onedrive\바탕 화면\death's door\engine\bin\engine.tlog\engine.write.1u.tlog
c:\users\lhjzz\onedrive\바탕 화면\death's door\engine\bin\engine.tlog\fxc.command.1.tlog
c:\users\lhjzz\onedrive\바탕 화면\death's door\engine\bin\engine.tlog\fxc.read.1.tlog
c:\users\lhjzz\onedrive\바탕 화면\death's door\engine\bin\engine.tlog\fxc.write.1.tlog
c:\users\lhjzz\onedrive\바탕 화면\death's door\engine\bin\engine.tlog\link.command.1.tlog
c:\users\lhjzz\onedrive\바탕 화면\death's door\engine\bin\engine.tlog\link.read.1.tlog
c:\users\lhjzz\onedrive\바탕 화면\death's door\engine\bin\engine.tlog\link.write.1.tlog
