c:\users\lhjzz\onedrive\바탕 화면\death's door\client\bin\vc140.pdb
c:\users\lhjzz\onedrive\바탕 화면\death's door\client\bin\vc140.idb
c:\users\lhjzz\onedrive\바탕 화면\death's door\client\bin\mainapp.obj
c:\users\lhjzz\onedrive\바탕 화면\death's door\client\bin\monster_state.obj
c:\users\lhjzz\onedrive\바탕 화면\death's door\client\bin\navicube.obj
c:\users\lhjzz\onedrive\바탕 화면\death's door\client\bin\object_builder.obj
c:\users\lhjzz\onedrive\바탕 화면\death's door\client\bin\pillar.obj
c:\users\lhjzz\onedrive\바탕 화면\death's door\client\bin\plantmonster.obj
c:\users\lhjzz\onedrive\바탕 화면\death's door\client\bin\plant_state.obj
c:\users\lhjzz\onedrive\바탕 화면\death's door\client\bin\player.obj
c:\users\lhjzz\onedrive\바탕 화면\death's door\client\bin\player_state.obj
c:\users\lhjzz\onedrive\바탕 화면\death's door\client\bin\skybox.obj
c:\users\lhjzz\onedrive\바탕 화면\death's door\client\bin\stagemap.obj
c:\users\lhjzz\onedrive\바탕 화면\death's door\client\bin\stairs.obj
c:\users\lhjzz\onedrive\바탕 화면\death's door\client\bin\stairs02.obj
c:\users\lhjzz\onedrive\바탕 화면\death's door\client\bin\static_camera.obj
c:\users\lhjzz\onedrive\바탕 화면\death's door\client\bin\terrain.obj
c:\users\lhjzz\onedrive\바탕 화면\death's door\client\bin\wall03.obj
c:\users\lhjzz\onedrive\바탕 화면\death's door\client\bin\wall04.obj
c:\users\lhjzz\onedrive\바탕 화면\death's door\client\bin\weapon.obj
c:\users\lhjzz\onedrive\바탕 화면\death's door\client\bin\client.obj
c:\users\lhjzz\onedrive\바탕 화면\death's door\client\bin\background.obj
c:\users\lhjzz\onedrive\바탕 화면\death's door\client\bin\camera_dynamic.obj
c:\users\lhjzz\onedrive\바탕 화면\death's door\client\bin\cubebox.obj
c:\users\lhjzz\onedrive\바탕 화면\death's door\client\bin\door.obj
c:\users\lhjzz\onedrive\바탕 화면\death's door\client\bin\fance.obj
c:\users\lhjzz\onedrive\바탕 화면\death's door\client\bin\fancebar.obj
c:\users\lhjzz\onedrive\바탕 화면\death's door\client\bin\grimacermonster.obj
c:\users\lhjzz\onedrive\바탕 화면\death's door\client\bin\grimacer_state.obj
c:\users\lhjzz\onedrive\바탕 화면\death's door\client\bin\imgui_navigation.obj
c:\users\lhjzz\onedrive\바탕 화면\death's door\client\bin\level_control.obj
c:\users\lhjzz\onedrive\바탕 화면\death's door\client\bin\level_gameplay.obj
c:\users\lhjzz\onedrive\바탕 화면\death's door\client\bin\level_loading.obj
c:\users\lhjzz\onedrive\바탕 화면\death's door\client\bin\level_logo.obj
c:\users\lhjzz\onedrive\바탕 화면\death's door\client\bin\loader.obj
c:\users\lhjzz\onedrive\바탕 화면\death's door\client\bin\monster.obj
c:\users\lhjzz\onedrive\바탕 화면\death's door\client\bin\middleboss_state.obj
c:\users\lhjzz\onedrive\바탕 화면\death's door\client\bin\middleboss.obj
c:\users\lhjzz\onedrive\바탕 화면\death's door\client\bin\effect.obj
c:\users\lhjzz\onedrive\바탕 화면\death's door\client\bin\floor.obj
c:\users\lhjzz\onedrive\바탕 화면\death's door\client\bin\sword_slash.obj
c:\users\lhjzz\onedrive\바탕 화면\death's door\client\bin\blobmonster.obj
c:\users\lhjzz\onedrive\바탕 화면\death's door\client\bin\blobmonster_state.obj
c:\users\lhjzz\onedrive\바탕 화면\death's door\client\bin\ui.obj
c:\users\lhjzz\onedrive\바탕 화면\death's door\client\bin\hpbar.obj
c:\users\lhjzz\onedrive\바탕 화면\death's door\client\bin\skillbox.obj
c:\users\lhjzz\onedrive\바탕 화면\death's door\client\bin\weaponnobox.obj
c:\users\lhjzz\onedrive\바탕 화면\death's door\client\bin\skillboxup.obj
c:\users\lhjzz\onedrive\바탕 화면\death's door\client\bin\weaponboxup.obj
c:\users\lhjzz\onedrive\바탕 화면\death's door\client\bin\icon_arrow.obj
c:\users\lhjzz\onedrive\바탕 화면\death's door\client\bin\weaponbigbox.obj
c:\users\lhjzz\onedrive\바탕 화면\death's door\client\bin\icon_fireball.obj
c:\users\lhjzz\onedrive\바탕 화면\death's door\client\bin\monster_arrow.obj
c:\users\lhjzz\onedrive\바탕 화면\death's door\client\bin\hp_empty.obj
c:\users\lhjzz\onedrive\바탕 화면\death's door\client\bin\client.pch
c:\users\lhjzz\onedrive\바탕 화면\death's door\client\bin\stdafx.obj
c:\users\lhjzz\onedrive\바탕 화면\death's door\client\bin\weaponboxbig2.obj
c:\users\lhjzz\onedrive\바탕 화면\death's door\client\bin\loadingbackground.obj
c:\users\lhjzz\onedrive\바탕 화면\death's door\client\bin\loadingimage.obj
c:\users\lhjzz\onedrive\바탕 화면\death's door\client\bin\shader_vertexsquare.cso
c:\users\lhjzz\onedrive\바탕 화면\death's door\client\bin\shader_vtxanimmodel.cso
c:\users\lhjzz\onedrive\바탕 화면\death's door\client\bin\shader_vtxmodel.cso
c:\users\lhjzz\onedrive\바탕 화면\death's door\client\bin\shader_vtxnortex.cso
c:\users\lhjzz\onedrive\바탕 화면\death's door\client\bin\shader_vtxtex.cso
c:\users\lhjzz\onedrive\바탕 화면\death's door\client\bin\shader_uihpbar.cso
c:\users\lhjzz\onedrive\바탕 화면\death's door\client\bin\shader_skillbar.cso
c:\users\lhjzz\onedrive\바탕 화면\death's door\client\bin\shader_weaponbox.cso
c:\users\lhjzz\onedrive\바탕 화면\death's door\client\bin\shader_skillboxup.cso
c:\users\lhjzz\onedrive\바탕 화면\death's door\client\bin\shader_weaponboxup.cso
c:\users\lhjzz\onedrive\바탕 화면\death's door\client\bin\shader_icon_arrow.cso
c:\users\lhjzz\onedrive\바탕 화면\death's door\client\bin\shader_weaponboxbig.cso
c:\users\lhjzz\onedrive\바탕 화면\death's door\client\bin\shader_icon_fireball.cso
c:\users\lhjzz\onedrive\바탕 화면\death's door\client\bin\shader_hp_empty.cso
c:\users\lhjzz\onedrive\바탕 화면\death's door\client\bin\shader_dissolve.cso
c:\users\lhjzz\onedrive\바탕 화면\death's door\client\bin\shader_vertex_ui_background.hlsl.cso
c:\users\lhjzz\onedrive\바탕 화면\death's door\client\bin\shader_vertex_ui_backimage.cso
c:\users\lhjzz\onedrive\바탕 화면\death's door\client\bin\client.ilk
c:\users\lhjzz\onedrive\바탕 화면\death's door\client\bin\client.exe
c:\users\lhjzz\onedrive\바탕 화면\death's door\client\bin\client.pdb
c:\users\lhjzz\onedrive\바탕 화면\death's door\client\bin\client.res
c:\users\lhjzz\onedrive\바탕 화면\death's door\client\bin\imgui_manager_client.obj
c:\users\lhjzz\onedrive\바탕 화면\death's door\client\bin\client.ipdb
c:\users\lhjzz\onedrive\바탕 화면\death's door\client\bin\client.iobj
c:\users\lhjzz\onedrive\바탕 화면\death's door\client\bin\..\bin\client.pdb
c:\users\lhjzz\onedrive\바탕 화면\death's door\client\default\..\bin\client.exe
c:\users\lhjzz\onedrive\바탕 화면\death's door\client\bin\..\bin\client.ilk
c:\users\lhjzz\onedrive\바탕 화면\death's door\client\bin\client.tlog\cl.command.1.tlog
c:\users\lhjzz\onedrive\바탕 화면\death's door\client\bin\client.tlog\cl.read.1.tlog
c:\users\lhjzz\onedrive\바탕 화면\death's door\client\bin\client.tlog\cl.write.1.tlog
c:\users\lhjzz\onedrive\바탕 화면\death's door\client\bin\client.tlog\client.write.1u.tlog
c:\users\lhjzz\onedrive\바탕 화면\death's door\client\bin\client.tlog\fxc.command.1.tlog
c:\users\lhjzz\onedrive\바탕 화면\death's door\client\bin\client.tlog\fxc.read.1.tlog
c:\users\lhjzz\onedrive\바탕 화면\death's door\client\bin\client.tlog\fxc.write.1.tlog
c:\users\lhjzz\onedrive\바탕 화면\death's door\client\bin\client.tlog\link.command.1.tlog
c:\users\lhjzz\onedrive\바탕 화면\death's door\client\bin\client.tlog\link.read.1.tlog
c:\users\lhjzz\onedrive\바탕 화면\death's door\client\bin\client.tlog\link.write.1.tlog
c:\users\lhjzz\onedrive\바탕 화면\death's door\client\bin\client.tlog\rc.command.1.tlog
c:\users\lhjzz\onedrive\바탕 화면\death's door\client\bin\client.tlog\rc.read.1.tlog
c:\users\lhjzz\onedrive\바탕 화면\death's door\client\bin\client.tlog\rc.write.1.tlog
